<?xml version="1.0" encoding="UTF-8"?>
<!-- Generated by org.testng.reporters.JUnitReportReporter -->
<testsuite skipped="0" hostname="DESKTOP-JYOTI" name="Framework.SeleniumExercise_1.MainBase" tests="1" failures="0" timestamp="2022-01-10T23:28:33 IST" time="108.862" errors="0">
  <testcase name="system" time="108.862" classname="Framework.SeleniumExercise_1.MainBase"/>
  <system-out/>
</testsuite> <!-- Framework.SeleniumExercise_1.MainBase -->
